# JRE version: Java(TM) SE Runtime Environment (17.0.2+8) (build 17.0.2+8-LTS-86)
# Java VM: Java HotSpot(TM) 64-Bit Server VM (17.0.2+8-LTS-86, mixed mode, sharing, tiered, compressed oops, compressed class ptrs, g1 gc, windows-amd64)
GC Precious Log:
 CPUs: 12 total, 12 available
 Memory: 16245M
 Large Page Support: Disabled
 NUMA Support: Disabled
 Compressed Oops: Enabled (Zero based)
 Heap Region Size: 2M
 Heap Min Capacity: 8M
 Heap Initial Capacity: 254M
 Heap Max Capacity: 4062M
 Pre-touch: Disabled
 Parallel Workers: 10
 Concurrent Workers: 3
 Concurrent Refinement Workers: 10
 Periodic GC: Disabled
Heap:
 garbage-first heap   total 75776K, used 18303K [0x0000000702200000, 0x0000000800000000)
  region size 2048K, 1 young (2048K), 1 survivors (2048K)
 Metaspace       used 26247K, committed 29184K, reserved 1089536K
  class space    used 2370K, committed 3264K, reserved 1048576K
GC Heap History (20 events):
Event: 5903.385 GC heap after
{Heap after GC invocations=118 (full 0):
 garbage-first heap   total 116736K, used 18219K [0x0000000702200000, 0x0000000800000000)
  region size 2048K, 1 young (2048K), 1 survivors (2048K)
 Metaspace       used 30784K, committed 31232K, reserved 1089536K
  class space    used 3054K, committed 3328K, reserved 1048576K
}
Event: 5904.209 GC heap before
{Heap before GC invocations=119 (full 0):
 garbage-first heap   total 75776K, used 67371K [0x0000000702200000, 0x0000000800000000)
  region size 2048K, 26 young (53248K), 1 survivors (2048K)
 Metaspace       used 26196K, committed 29056K, reserved 1089536K
  class space    used 2368K, committed 3264K, reserved 1048576K
}
Event: 5904.219 GC heap after
{Heap after GC invocations=120 (full 0):
 garbage-first heap   total 75776K, used 18756K [0x0000000702200000, 0x0000000800000000)
  region size 2048K, 1 young (2048K), 1 survivors (2048K)
 Metaspace       used 26196K, committed 29056K, reserved 1089536K
  class space    used 2368K, committed 3264K, reserved 1048576K
}
Event: 5904.230 GC heap before
{Heap before GC invocations=120 (full 0):
 garbage-first heap   total 75776K, used 20804K [0x0000000702200000, 0x0000000800000000)
  region size 2048K, 2 young (4096K), 1 survivors (2048K)
 Metaspace       used 26196K, committed 29056K, reserved 1089536K
  class space    used 2368K, committed 3264K, reserved 1048576K
}
Event: 5904.234 GC heap after
{Heap after GC invocations=121 (full 0):
 garbage-first heap   total 75776K, used 16792K [0x0000000702200000, 0x0000000800000000)
  region size 2048K, 1 young (2048K), 1 survivors (2048K)
 Metaspace       used 26196K, committed 29056K, reserved 1089536K
  class space    used 2368K, committed 3264K, reserved 1048576K
}
Event: 5905.187 GC heap before
{Heap before GC invocations=121 (full 0):
 garbage-first heap   total 75776K, used 59800K [0x0000000702200000, 0x0000000800000000)
  region size 2048K, 22 young (45056K), 1 survivors (2048K)
 Metaspace       used 26196K, committed 29056K, reserved 1089536K
  class space    used 2368K, committed 3264K, reserved 1048576K
}
Event: 5905.189 GC heap after
{Heap after GC invocations=122 (full 0):
 garbage-first heap   total 75776K, used 17162K [0x0000000702200000, 0x0000000800000000)
  region size 2048K, 1 young (2048K), 1 survivors (2048K)
 Metaspace       used 26196K, committed 29056K, reserved 1089536K
  class space    used 2368K, committed 3264K, reserved 1048576K
}
Event: 5905.596 GC heap before
{Heap before GC invocations=123 (full 0):
 garbage-first heap   total 75776K, used 60170K [0x0000000702200000, 0x0000000800000000)
  region size 2048K, 22 young (45056K), 1 survivors (2048K)
 Metaspace       used 26196K, committed 29056K, reserved 1089536K
  class space    used 2368K, committed 3264K, reserved 1048576K
}
Event: 5905.598 GC heap after
{Heap after GC invocations=124 (full 0):
 garbage-first heap   total 141312K, used 17511K [0x0000000702200000, 0x0000000800000000)
  region size 2048K, 1 young (2048K), 1 survivors (2048K)
 Metaspace       used 26196K, committed 29056K, reserved 1089536K
  class space    used 2368K, committed 3264K, reserved 1048576K
}
Event: 5905.656 GC heap before
{Heap before GC invocations=124 (full 0):
 garbage-first heap   total 141312K, used 21607K [0x0000000702200000, 0x0000000800000000)
  region size 2048K, 3 young (6144K), 1 survivors (2048K)
 Metaspace       used 26196K, committed 29056K, reserved 1089536K
  class space    used 2368K, committed 3264K, reserved 1048576K
}
Event: 5905.658 GC heap after
{Heap after GC invocations=125 (full 0):
 garbage-first heap   total 141312K, used 17509K [0x0000000702200000, 0x0000000800000000)
  region size 2048K, 1 young (2048K), 1 survivors (2048K)
 Metaspace       used 26196K, committed 29056K, reserved 1089536K
  class space    used 2368K, committed 3264K, reserved 1048576K
}
Event: 5909.228 GC heap before
{Heap before GC invocations=125 (full 0):
 garbage-first heap   total 141312K, used 99429K [0x0000000702200000, 0x0000000800000000)
  region size 2048K, 41 young (83968K), 1 survivors (2048K)
 Metaspace       used 30765K, committed 31104K, reserved 1089536K
  class space    used 3049K, committed 3264K, reserved 1048576K
}
Event: 5909.231 GC heap after
{Heap after GC invocations=126 (full 0):
 garbage-first heap   total 141312K, used 19905K [0x0000000702200000, 0x0000000800000000)
  region size 2048K, 2 young (4096K), 2 survivors (4096K)
 Metaspace       used 30765K, committed 31104K, reserved 1089536K
  class space    used 3049K, committed 3264K, reserved 1048576K
}
Event: 5910.134 GC heap before
{Heap before GC invocations=127 (full 0):
 garbage-first heap   total 81920K, used 64961K [0x0000000702200000, 0x0000000800000000)
  region size 2048K, 24 young (49152K), 2 survivors (4096K)
 Metaspace       used 30788K, committed 31104K, reserved 1089536K
  class space    used 3051K, committed 3264K, reserved 1048576K
}
Event: 5910.136 GC heap after
{Heap after GC invocations=128 (full 0):
 garbage-first heap   total 81920K, used 20293K [0x0000000702200000, 0x0000000800000000)
  region size 2048K, 2 young (4096K), 2 survivors (4096K)
 Metaspace       used 30788K, committed 31104K, reserved 1089536K
  class space    used 3051K, committed 3264K, reserved 1048576K
}
Event: 5910.213 GC heap before
{Heap before GC invocations=128 (full 0):
 garbage-first heap   total 81920K, used 22341K [0x0000000702200000, 0x0000000800000000)
  region size 2048K, 3 young (6144K), 2 survivors (4096K)
 Metaspace       used 30788K, committed 31104K, reserved 1089536K
  class space    used 3051K, committed 3264K, reserved 1048576K
}
Event: 5910.222 GC heap after
{Heap after GC invocations=129 (full 0):
 garbage-first heap   total 81920K, used 17560K [0x0000000702200000, 0x0000000800000000)
  region size 2048K, 1 young (2048K), 1 survivors (2048K)
 Metaspace       used 30788K, committed 31104K, reserved 1089536K
  class space    used 3051K, committed 3264K, reserved 1048576K
}
Event: 5910.901 GC heap before
{Heap before GC invocations=129 (full 0):
 garbage-first heap   total 81920K, used 64664K [0x0000000702200000, 0x0000000800000000)
  region size 2048K, 24 young (49152K), 1 survivors (2048K)
 Metaspace       used 30838K, committed 31168K, reserved 1089536K
  class space    used 3057K, committed 3264K, reserved 1048576K
}
Event: 5910.902 GC heap after
{Heap after GC invocations=130 (full 0):
 garbage-first heap   total 81920K, used 17734K [0x0000000702200000, 0x0000000800000000)
  region size 2048K, 1 young (2048K), 1 survivors (2048K)
 Metaspace       used 30838K, committed 31168K, reserved 1089536K
  class space    used 3057K, committed 3264K, reserved 1048576K
}
Event: 5911.477 GC heap before
{Heap before GC invocations=131 (full 0):
 garbage-first heap   total 75776K, used 64838K [0x0000000702200000, 0x0000000800000000)
  region size 2048K, 24 young (49152K), 1 survivors (2048K)
 Metaspace       used 26247K, committed 29184K, reserved 1089536K
  class space    used 2370K, committed 3264K, reserved 1048576K
}

